[debug] [2019-10-08T07:08:39.658Z] ----------------------------------------------------------------------
[debug] [2019-10-08T07:08:39.659Z] Command:       /Users/katerinaskroumpelou/.nvm/versions/node/v10.15.3/bin/node /Users/katerinaskroumpelou/.nvm/versions/node/v10.15.3/bin/firebase deploy
[debug] [2019-10-08T07:08:39.660Z] CLI Version:   7.3.2
[debug] [2019-10-08T07:08:39.660Z] Platform:      darwin
[debug] [2019-10-08T07:08:39.660Z] Node Version:  v10.15.3
[debug] [2019-10-08T07:08:39.660Z] Time:          Tue Oct 08 2019 10:08:39 GMT+0300 (Eastern European Summer Time)
[debug] [2019-10-08T07:08:39.660Z] ----------------------------------------------------------------------
[debug] 
[debug] [2019-10-08T07:08:39.667Z] > command requires scopes: ["email","openid","https://www.googleapis.com/auth/cloudplatformprojects.readonly","https://www.googleapis.com/auth/firebase","https://www.googleapis.com/auth/cloud-platform"]
[debug] [2019-10-08T07:08:39.668Z] > authorizing via signed-in user
[debug] [2019-10-08T07:08:39.668Z] [iam] checking project shop-katerina for permissions ["cloudfunctions.functions.create","cloudfunctions.functions.delete","cloudfunctions.functions.get","cloudfunctions.functions.list","cloudfunctions.functions.update","cloudfunctions.operations.get","datastore.indexes.create","datastore.indexes.delete","datastore.indexes.list","datastore.indexes.update","firebase.projects.get","firebasehosting.sites.update"]
[debug] [2019-10-08T07:08:39.669Z] > refreshing access token with scopes: ["email","https://www.googleapis.com/auth/cloud-platform","https://www.googleapis.com/auth/cloudplatformprojects.readonly","https://www.googleapis.com/auth/firebase","openid"]
[debug] [2019-10-08T07:08:39.669Z] >>> HTTP REQUEST POST https://www.googleapis.com/oauth2/v3/token  
 <request body omitted>
[debug] [2019-10-08T07:08:40.094Z] <<< HTTP RESPONSE 200
[debug] [2019-10-08T07:08:40.105Z] >>> HTTP REQUEST POST https://cloudresourcemanager.googleapis.com/v1/projects/shop-katerina:testIamPermissions  

[debug] [2019-10-08T07:08:41.270Z] <<< HTTP RESPONSE 200
[debug] [2019-10-08T07:08:41.271Z] >>> HTTP REQUEST GET https://firebase.googleapis.com/v1beta1/projects/shop-katerina  
 
[debug] [2019-10-08T07:08:41.812Z] <<< HTTP RESPONSE 200
[info] 
[info] === Deploying to 'shop-katerina'...
[info] 
[info] i  deploying firestore, functions, hosting
[info] Running command: npm --prefix "$RESOURCE_DIR" run lint
[info] Running command: npm --prefix "$RESOURCE_DIR" run build
[info] ✔  functions: Finished running predeploy script.
[info] i  firestore: checking firestore.rules for compilation errors...
[info] i  firestore: reading indexes from firestore.indexes.json...
[debug] [2019-10-08T07:08:48.652Z] >>> HTTP REQUEST POST https://firebaserules.googleapis.com/v1/projects/shop-katerina:test  

[debug] [2019-10-08T07:08:49.358Z] <<< HTTP RESPONSE 200
[info] ✔  firestore: rules file firestore.rules compiled successfully
[debug] [2019-10-08T07:08:49.361Z] > [functions] package.json contents: {
  "name": "functions",
  "scripts": {
    "lint": "tslint --project tsconfig.json",
    "build": "tsc",
    "serve": "npm run build && firebase serve --only functions",
    "shell": "npm run build && firebase functions:shell",
    "start": "npm run shell",
    "deploy": "firebase deploy --only functions",
    "logs": "firebase functions:log"
  },
  "engines": {
    "node": "8"
  },
  "main": "lib/index.js",
  "dependencies": {
    "firebase-admin": "^8.0.0",
    "firebase-functions": "^3.1.0"
  },
  "devDependencies": {
    "tslint": "^5.12.0",
    "typescript": "^3.2.2"
  },
  "private": true
}
[info] i  functions: ensuring necessary APIs are enabled...
[debug] [2019-10-08T07:08:49.362Z] >>> HTTP REQUEST GET https://serviceusage.googleapis.com/v1/projects/shop-katerina/services/cloudfunctions.googleapis.com  
 
[debug] [2019-10-08T07:08:49.362Z] >>> HTTP REQUEST GET https://serviceusage.googleapis.com/v1/projects/shop-katerina/services/runtimeconfig.googleapis.com  
 
[debug] [2019-10-08T07:08:50.590Z] <<< HTTP RESPONSE 200
[debug] [2019-10-08T07:08:50.671Z] <<< HTTP RESPONSE 200
[info] ✔  functions: all necessary APIs are enabled
[debug] [2019-10-08T07:08:50.672Z] >>> HTTP REQUEST GET https://firebase.googleapis.com/v1beta1/projects/shop-katerina/adminSdkConfig  
 
[debug] [2019-10-08T07:08:51.080Z] <<< HTTP RESPONSE 200
[debug] [2019-10-08T07:08:51.082Z] >>> HTTP REQUEST POST https://firebasehosting.googleapis.com/v1beta1/sites/shop-katerina/versions  

[debug] [2019-10-08T07:08:52.944Z] <<< HTTP RESPONSE 200
[info] i  firestore: uploading rules firestore.rules...
[debug] [2019-10-08T07:08:52.947Z] >>> HTTP REQUEST POST https://firebaserules.googleapis.com/v1/projects/shop-katerina/rulesets  

[debug] [2019-10-08T07:08:52.947Z] >>> HTTP REQUEST GET https://firestore.googleapis.com/v1beta2/projects/shop-katerina/databases/(default)/collectionGroups/-/indexes  
 
[debug] [2019-10-08T07:08:53.383Z] <<< HTTP RESPONSE 200
[debug] [2019-10-08T07:08:53.384Z] >>> HTTP REQUEST GET https://firestore.googleapis.com/v1beta2/projects/shop-katerina/databases/(default)/collectionGroups/-/fields?filter=indexConfig.usesAncestorConfig=false  
 
[debug] [2019-10-08T07:08:53.740Z] <<< HTTP RESPONSE 200
[info] ✔  firestore: deployed indexes in firestore.indexes.json successfully
[debug] [2019-10-08T07:08:54.171Z] <<< HTTP RESPONSE 200
[debug] [2019-10-08T07:08:54.172Z] [rules] created ruleset projects/shop-katerina/rulesets/35f50776-e173-4b2e-a022-044280c77587
[info] i  functions: preparing functions directory for uploading...
[debug] [2019-10-08T07:08:54.174Z] >>> HTTP REQUEST GET https://runtimeconfig.googleapis.com/v1beta1/projects/shop-katerina/configs  
 
[debug] [2019-10-08T07:08:54.889Z] <<< HTTP RESPONSE 200
[info] i  functions: packaged functions (45.25 KB) for uploading
[debug] [2019-10-08T07:08:55.525Z] >>> HTTP REQUEST POST https://cloudfunctions.googleapis.com/v1/projects/shop-katerina/locations/us-central1/functions:generateUploadUrl  
 
[debug] [2019-10-08T07:08:56.629Z] <<< HTTP RESPONSE 200
[debug] [2019-10-08T07:08:56.630Z] >>> HTTP REQUEST PUT https://storage.googleapis.com/gcf-upload-us-central1-89d3f55e-eb94-4601-85cf-27e862f4fe44/a1721c93-9aeb-4415-bee4-8b90296bc7e1.zip?GoogleAccessId=service-424640036099@gcf-admin-robot.iam.gserviceaccount.com&Expires=1570520336&Signature=MyP0LuBiWurkokxuqpodEnLoSivkj9mvI2AG6feV6IldLGD9Y9NMvWbX93vqQBSjJYWQfyEgnPQB%2BD6sM%2FQLsYRTVBWgbAsTbdGYSUXyjfMUpV%2BquoCp5035FO8WsA%2FkW8q%2FKnONcZQZv%2BSyCY2V26aBpLqc1u1l4GzJbB4VZAjxwT6o2ZaLyWe2erG5wzIsAdcy1%2F4q5Xe9Jx4WmQfuq9TFS2wPsbGmJ8Xm%2Fc94jwpU7mPwFmo1Z5u%2B8n%2BOaLu0JfEm1VFlBAWiX2lTi5RWEf%2FhqOXhYgsGePTuZ326Jco205zkocXPb%2BF3YGSblQOoepssdRKB5jp7lQW0PIZqQw%3D%3D  
 <request body omitted>
[debug] [2019-10-08T07:08:57.699Z] <<< HTTP RESPONSE 200
[info] ✔  functions: functions folder uploaded successfully
[info] i  hosting[shop-katerina]: beginning deploy...
[info] i  hosting[shop-katerina]: found 14 files in dist/shop
[debug] [2019-10-08T07:08:57.708Z] [hosting] hash cache [ZGlzdC9zaG9w] load error: lines is not defined
[debug] [2019-10-08T07:08:57.774Z] [hosting] hash cache [ZGlzdC9zaG9w] stored for 14 files
[debug] [2019-10-08T07:08:57.774Z] [hosting][hash queue][FINAL]
[debug] [2019-10-08T07:08:57.774Z] >>> HTTP REQUEST POST https://firebasehosting.googleapis.com/v1beta1/sites/shop-katerina/versions/f7f3326298087a36:populateFiles  
 <request body omitted>
[debug] [2019-10-08T07:08:59.496Z] <<< HTTP RESPONSE 200
[debug] [2019-10-08T07:08:59.500Z] [hosting][populate queue][FINAL]
[debug] [2019-10-08T07:08:59.501Z] [hosting] uploads queued: 3
[debug] [2019-10-08T07:09:08.505Z] [hosting][upload queue][FINAL]
[info] ✔  hosting[shop-katerina]: file upload complete
[debug] [2019-10-08T07:09:08.505Z] [hosting] deploy completed after 10805ms
[debug] [2019-10-08T07:09:08.830Z] [rules] releasing cloud.firestore with ruleset projects/shop-katerina/rulesets/35f50776-e173-4b2e-a022-044280c77587
[debug] [2019-10-08T07:09:08.830Z] >>> HTTP REQUEST PATCH https://firebaserules.googleapis.com/v1/projects/shop-katerina/releases/cloud.firestore  

